<?xml version="1.0" encoding="UTF-8"?>
<!-- Generated by org.testng.reporters.JUnitXMLReporter -->
<testsuite ignored="0" hostname="PerryG.local" failures="0" tests="6" name="Free CRM App Test Cases" time="78.437" errors="0" timestamp="02 Aug 2019 11:05:06 GMT">
  <testcase classname="com.crm.qa.testcases.LoginPageTest" name="LoginPagetileTest" time="0.028"/>
  <testcase classname="com.crm.qa.testcases.LoginPageTest" name="LoginTest" time="6.901"/>
  <testcase classname="com.crm.qa.testcases.HomePageTest" name="VerifyUsernameTest" time="0.068"/>
  <testcase classname="com.crm.qa.testcases.ContactPageTest" name="validateCreateNewContact" time="3.872"/>
  <testcase classname="com.crm.qa.testcases.ContactPageTest" name="validateCreateNewContact" time="3.78"/>
  <testcase classname="com.crm.qa.testcases.HomePageTest" name="VerifyContactLink" time="1.22"/>
</testsuite> <!-- Free CRM App Test Cases -->
