<?xml version="1.0" encoding="UTF-8"?>
<testng-results total="1" passed="1" failed="0" skipped="0">
  <reporter-output>
  </reporter-output>
  <suite started-at="2019-07-30T11:02:36Z" name="Default suite" finished-at="2019-07-30T11:02:54Z" duration-ms="17077">
    <groups>
    </groups>
    <test started-at="2019-07-30T11:02:36Z" name="Default test" finished-at="2019-07-30T11:02:54Z" duration-ms="17077">
      <class name="com.crm.qa.testcases.ContactPageTest">
        <test-method is-config="true" signature="setup()[pri:0, instance:com.crm.qa.testcases.ContactPageTest@31f9b85e]" started-at="2019-07-30T16:32:36Z" name="setup" finished-at="2019-07-30T16:32:50Z" duration-ms="13267" status="PASS">
          <reporter-output>
          </reporter-output>
        </test-method> <!-- setup -->
        <test-method signature="TestCreateNewContact()[pri:0, instance:com.crm.qa.testcases.ContactPageTest@31f9b85e]" started-at="2019-07-30T16:32:50Z" name="TestCreateNewContact" finished-at="2019-07-30T16:32:54Z" duration-ms="3798" status="PASS">
          <reporter-output>
          </reporter-output>
        </test-method> <!-- TestCreateNewContact -->
      </class> <!-- com.crm.qa.testcases.ContactPageTest -->
    </test> <!-- Default test -->
  </suite> <!-- Default suite -->
</testng-results>
