<?xml version="1.0" encoding="UTF-8"?>
<testng-results total="1" passed="1" failed="0" skipped="0">
  <reporter-output>
  </reporter-output>
  <suite started-at="2019-07-30T14:24:43Z" name="Default suite" finished-at="2019-07-30T14:24:59Z" duration-ms="15433">
    <groups>
    </groups>
    <test started-at="2019-07-30T14:24:43Z" name="Default test" finished-at="2019-07-30T14:24:59Z" duration-ms="15433">
      <class name="com.crm.qa.testcases.ContactPageTest">
        <test-method is-config="true" signature="setup()[pri:0, instance:com.crm.qa.testcases.ContactPageTest@1ebd319f]" started-at="2019-07-30T19:54:44Z" name="setup" finished-at="2019-07-30T19:54:59Z" duration-ms="14878" status="PASS">
          <reporter-output>
          </reporter-output>
        </test-method> <!-- setup -->
        <test-method signature="VerifyUsernameTest()[pri:0, instance:com.crm.qa.testcases.ContactPageTest@1ebd319f]" started-at="2019-07-30T19:54:59Z" name="VerifyUsernameTest" finished-at="2019-07-30T19:54:59Z" duration-ms="5" status="PASS">
          <reporter-output>
          </reporter-output>
        </test-method> <!-- VerifyUsernameTest -->
      </class> <!-- com.crm.qa.testcases.ContactPageTest -->
    </test> <!-- Default test -->
  </suite> <!-- Default suite -->
</testng-results>
