<?xml version="1.0" encoding="UTF-8"?>
<testng-results total="1" passed="1" failed="0" skipped="0">
  <reporter-output>
  </reporter-output>
  <suite started-at="2019-07-30T09:00:29Z" name="Default suite" finished-at="2019-07-30T09:00:47Z" duration-ms="17893">
    <groups>
    </groups>
    <test started-at="2019-07-30T09:00:29Z" name="Default test" finished-at="2019-07-30T09:00:47Z" duration-ms="17893">
      <class name="com.crm.qa.testcases.HomePageTest">
        <test-method is-config="true" signature="setup()[pri:0, instance:com.crm.qa.testcases.HomePageTest@117e949d]" started-at="2019-07-30T14:30:29Z" name="setup" finished-at="2019-07-30T14:30:47Z" duration-ms="17702" status="PASS">
          <reporter-output>
          </reporter-output>
        </test-method> <!-- setup -->
        <test-method signature="VerifyUsernameTest()[pri:0, instance:com.crm.qa.testcases.HomePageTest@117e949d]" started-at="2019-07-30T14:30:47Z" name="VerifyUsernameTest" finished-at="2019-07-30T14:30:47Z" duration-ms="78" status="PASS">
          <reporter-output>
          </reporter-output>
        </test-method> <!-- VerifyUsernameTest -->
        <test-method is-config="true" signature="teardown()[pri:0, instance:com.crm.qa.testcases.HomePageTest@117e949d]" started-at="2019-07-30T14:30:47Z" name="teardown" finished-at="2019-07-30T14:30:47Z" duration-ms="101" status="PASS">
          <reporter-output>
          </reporter-output>
        </test-method> <!-- teardown -->
      </class> <!-- com.crm.qa.testcases.HomePageTest -->
    </test> <!-- Default test -->
  </suite> <!-- Default suite -->
</testng-results>
