<?xml version="1.0" encoding="UTF-8"?>
<testng-results ignored="0" total="1" passed="1" failed="0" skipped="0">
  <reporter-output>
  </reporter-output>
  <suite started-at="2019-07-22T09:44:40Z" name="Default suite" finished-at="2019-07-22T09:44:51Z" duration-ms="10918">
    <groups>
    </groups>
    <test started-at="2019-07-22T09:44:40Z" name="Default test" finished-at="2019-07-22T09:44:51Z" duration-ms="10918">
      <class name="Test.BaseTest">
        <test-method signature="launchbrowser()[pri:0, instance:Test.BaseTest@1de5f259]" started-at="2019-07-22T09:44:40Z" name="launchbrowser" finished-at="2019-07-22T09:44:51Z" duration-ms="10896" status="PASS">
          <reporter-output>
          </reporter-output>
        </test-method> <!-- launchbrowser -->
      </class> <!-- Test.BaseTest -->
    </test> <!-- Default test -->
  </suite> <!-- Default suite -->
</testng-results>
